{"meta": {"format": 3, "version": "7.13.1", "timestamp": "2026-01-13T12:05:40.622576", "branch_coverage": false, "show_contexts": false}, "files": {"app/main.py": {"executed_lines": [1, 2, 3, 4, 5, 6, 7, 8, 10, 13, 15, 22, 23, 24, 25, 27, 40, 42, 43, 44, 46, 58, 73, 82, 83, 84, 86, 87, 90, 92, 93, 95, 96, 97, 98, 99, 100, 101, 102, 103, 104, 107, 108, 109, 110, 117, 118, 119, 120, 123, 124, 133, 135, 146, 150, 156, 168, 180, 190], "summary": {"covered_lines": 59, "num_statements": 69, "percent_covered": 85.5072463768116, "percent_covered_display": "86", "missing_lines": 10, "excluded_lines": 0, "percent_statements_covered": 85.5072463768116, "percent_statements_covered_display": "86"}, "missing_lines": [59, 60, 61, 70, 88, 182, 183, 188, 191, 192], "excluded_lines": [], "functions": {"log_requests": {"executed_lines": [24, 25, 27, 40, 42, 43, 44, 46, 58], "summary": {"covered_lines": 9, "num_statements": 13, "percent_covered": 69.23076923076923, "percent_covered_display": "69", "missing_lines": 4, "excluded_lines": 0, "percent_statements_covered": 69.23076923076923, "percent_statements_covered_display": "69"}, "missing_lines": [59, 60, 61, 70], "excluded_lines": [], "start_line": 23}, "QueryRequest.text_stripped": {"executed_lines": [], "summary": {"covered_lines": 0, "num_statements": 1, "percent_covered": 0.0, "percent_covered_display": "0", "missing_lines": 1, "excluded_lines": 0, "percent_statements_covered": 0.0, "percent_statements_covered_display": "0"}, "missing_lines": [88], "excluded_lines": [], "start_line": 87}, "QueryRequest.model_post_init": {"executed_lines": [92, 93], "summary": {"covered_lines": 2, "num_statements": 2, "percent_covered": 100.0, "percent_covered_display": "100", "missing_lines": 0, "excluded_lines": 0, "percent_statements_covered": 100.0, "percent_statements_covered_display": "100"}, "missing_lines": [], "excluded_lines": [], "start_line": 90}, "root": {"executed_lines": [109, 110], "summary": {"covered_lines": 2, "num_statements": 2, "percent_covered": 100.0, "percent_covered_display": "100", "missing_lines": 0, "excluded_lines": 0, "percent_statements_covered": 100.0, "percent_statements_covered_display": "100"}, "missing_lines": [], "excluded_lines": [], "start_line": 108}, "health_check": {"executed_lines": [119, 120], "summary": {"covered_lines": 2, "num_statements": 2, "percent_covered": 100.0, "percent_covered_display": "100", "missing_lines": 0, "excluded_lines": 0, "percent_statements_covered": 100.0, "percent_statements_covered_display": "100"}, "missing_lines": [], "excluded_lines": [], "start_line": 118}, "process_query": {"executed_lines": [133, 135, 146, 150, 156, 168, 180], "summary": {"covered_lines": 7, "num_statements": 10, "percent_covered": 70.0, "percent_covered_display": "70", "missing_lines": 3, "excluded_lines": 0, "percent_statements_covered": 70.0, "percent_statements_covered_display": "70"}, "missing_lines": [182, 183, 188], "excluded_lines": [], "start_line": 124}, "": {"executed_lines": [1, 2, 3, 4, 5, 6, 7, 8, 10, 13, 15, 22, 23, 73, 82, 83, 84, 86, 87, 90, 95, 96, 97, 98, 99, 100, 101, 102, 103, 104, 107, 108, 117, 118, 123, 124, 190], "summary": {"covered_lines": 37, "num_statements": 39, "percent_covered": 94.87179487179488, "percent_covered_display": "95", "missing_lines": 2, "excluded_lines": 0, "percent_statements_covered": 94.87179487179488, "percent_statements_covered_display": "95"}, "missing_lines": [191, 192], "excluded_lines": [], "start_line": 1}}, "classes": {"QueryRequest": {"executed_lines": [92, 93], "summary": {"covered_lines": 2, "num_statements": 3, "percent_covered": 66.66666666666667, "percent_covered_display": "67", "missing_lines": 1, "excluded_lines": 0, "percent_statements_covered": 66.66666666666667, "percent_statements_covered_display": "67"}, "missing_lines": [88], "excluded_lines": [], "start_line": 82}, "QueryResponse": {"executed_lines": [], "summary": {"covered_lines": 0, "num_statements": 0, "percent_covered": 100.0, "percent_covered_display": "100", "missing_lines": 0, "excluded_lines": 0, "percent_statements_covered": 100.0, "percent_statements_covered_display": "100"}, "missing_lines": [], "excluded_lines": [], "start_line": 95}, "": {"executed_lines": [1, 2, 3, 4, 5, 6, 7, 8, 10, 13, 15, 22, 23, 24, 25, 27, 40, 42, 43, 44, 46, 58, 73, 82, 83, 84, 86, 87, 90, 95, 96, 97, 98, 99, 100, 101, 102, 103, 104, 107, 108, 109, 110, 117, 118, 119, 120, 123, 124, 133, 135, 146, 150, 156, 168, 180, 190], "summary": {"covered_lines": 57, "num_statements": 66, "percent_covered": 86.36363636363636, "percent_covered_display": "86", "missing_lines": 9, "excluded_lines": 0, "percent_statements_covered": 86.36363636363636, "percent_statements_covered_display": "86"}, "missing_lines": [59, 60, 61, 70, 182, 183, 188, 191, 192], "excluded_lines": [], "start_line": 1}}}, "app/utils/logger.py": {"executed_lines": [5, 6, 7, 8, 9, 10, 13, 14, 16, 19, 20, 31, 32, 33, 35, 36, 37, 38, 41, 42, 44, 47, 58, 59, 62, 65, 66, 67, 71, 72, 75, 76, 77, 78, 81, 82, 83, 84, 86, 89, 92, 93, 94, 95, 96, 98, 99, 100, 104, 106, 107, 109, 110, 119, 128, 132, 134, 135, 136, 137, 138, 139, 140, 144, 145, 146, 147, 152, 153, 154], "summary": {"covered_lines": 70, "num_statements": 71, "percent_covered": 98.59154929577464, "percent_covered_display": "99", "missing_lines": 1, "excluded_lines": 0, "percent_statements_covered": 98.59154929577464, "percent_statements_covered_display": "99"}, "missing_lines": [34], "excluded_lines": [], "functions": {"JSONFormatter.format": {"executed_lines": [20, 31, 32, 33, 35, 36, 37, 38, 41, 42, 44], "summary": {"covered_lines": 11, "num_statements": 12, "percent_covered": 91.66666666666667, "percent_covered_display": "92", "missing_lines": 1, "excluded_lines": 0, "percent_statements_covered": 91.66666666666667, "percent_statements_covered_display": "92"}, "missing_lines": [34], "excluded_lines": [], "start_line": 19}, "setup_logger": {"executed_lines": [58, 59, 62, 65, 66, 67, 71, 72, 75, 76, 77, 78, 81, 82, 83, 84, 86], "summary": {"covered_lines": 17, "num_statements": 17, "percent_covered": 100.0, "percent_covered_display": "100", "missing_lines": 0, "excluded_lines": 0, "percent_statements_covered": 100.0, "percent_statements_covered_display": "100"}, "missing_lines": [], "excluded_lines": [], "start_line": 47}, "RequestLogger.__init__": {"executed_lines": [93, 94, 95, 96], "summary": {"covered_lines": 4, "num_statements": 4, "percent_covered": 100.0, "percent_covered_display": "100", "missing_lines": 0, "excluded_lines": 0, "percent_statements_covered": 100.0, "percent_statements_covered_display": "100"}, "missing_lines": [], "excluded_lines": [], "start_line": 92}, "RequestLogger.__enter__": {"executed_lines": [99, 100, 104], "summary": {"covered_lines": 3, "num_statements": 3, "percent_covered": 100.0, "percent_covered_display": "100", "missing_lines": 0, "excluded_lines": 0, "percent_statements_covered": 100.0, "percent_statements_covered_display": "100"}, "missing_lines": [], "excluded_lines": [], "start_line": 98}, "RequestLogger.__exit__": {"executed_lines": [107, 109, 110, 119, 128], "summary": {"covered_lines": 5, "num_statements": 5, "percent_covered": 100.0, "percent_covered_display": "100", "missing_lines": 0, "excluded_lines": 0, "percent_statements_covered": 100.0, "percent_statements_covered_display": "100"}, "missing_lines": [], "excluded_lines": [], "start_line": 106}, "log_performance": {"executed_lines": [134, 154], "summary": {"covered_lines": 2, "num_statements": 2, "percent_covered": 100.0, "percent_covered_display": "100", "missing_lines": 0, "excluded_lines": 0, "percent_statements_covered": 100.0, "percent_statements_covered_display": "100"}, "missing_lines": [], "excluded_lines": [], "start_line": 132}, "log_performance.decorator": {"executed_lines": [135, 153], "summary": {"covered_lines": 2, "num_statements": 2, "percent_covered": 100.0, "percent_covered_display": "100", "missing_lines": 0, "excluded_lines": 0, "percent_statements_covered": 100.0, "percent_statements_covered_display": "100"}, "missing_lines": [], "excluded_lines": [], "start_line": 134}, "log_performance.decorator.wrapper": {"executed_lines": [136, 137, 138, 139, 140, 144, 145, 146, 147, 152], "summary": {"covered_lines": 10, "num_statements": 10, "percent_covered": 100.0, "percent_covered_display": "100", "missing_lines": 0, "excluded_lines": 0, "percent_statements_covered": 100.0, "percent_statements_covered_display": "100"}, "missing_lines": [], "excluded_lines": [], "start_line": 135}, "": {"executed_lines": [5, 6, 7, 8, 9, 10, 13, 14, 16, 19, 47, 89, 92, 98, 106, 132], "summary": {"covered_lines": 16, "num_statements": 16, "percent_covered": 100.0, "percent_covered_display": "100", "missing_lines": 0, "excluded_lines": 0, "percent_statements_covered": 100.0, "percent_statements_covered_display": "100"}, "missing_lines": [], "excluded_lines": [], "start_line": 1}}, "classes": {"JSONFormatter": {"executed_lines": [20, 31, 32, 33, 35, 36, 37, 38, 41, 42, 44], "summary": {"covered_lines": 11, "num_statements": 12, "percent_covered": 91.66666666666667, "percent_covered_display": "92", "missing_lines": 1, "excluded_lines": 0, "percent_statements_covered": 91.66666666666667, "percent_statements_covered_display": "92"}, "missing_lines": [34], "excluded_lines": [], "start_line": 16}, "RequestLogger": {"executed_lines": [93, 94, 95, 96, 99, 100, 104, 107, 109, 110, 119, 128], "summary": {"covered_lines": 12, "num_statements": 12, "percent_covered": 100.0, "percent_covered_display": "100", "missing_lines": 0, "excluded_lines": 0, "percent_statements_covered": 100.0, "percent_statements_covered_display": "100"}, "missing_lines": [], "excluded_lines": [], "start_line": 89}, "": {"executed_lines": [5, 6, 7, 8, 9, 10, 13, 14, 16, 19, 47, 58, 59, 62, 65, 66, 67, 71, 72, 75, 76, 77, 78, 81, 82, 83, 84, 86, 89, 92, 98, 106, 132, 134, 135, 136, 137, 138, 139, 140, 144, 145, 146, 147, 152, 153, 154], "summary": {"covered_lines": 47, "num_statements": 47, "percent_covered": 100.0, "percent_covered_display": "100", "missing_lines": 0, "excluded_lines": 0, "percent_statements_covered": 100.0, "percent_statements_covered_display": "100"}, "missing_lines": [], "excluded_lines": [], "start_line": 1}}}, "app/way_rag/__init__.py": {"executed_lines": [], "summary": {"covered_lines": 0, "num_statements": 7, "percent_covered": 0.0, "percent_covered_display": "0", "missing_lines": 7, "excluded_lines": 0, "percent_statements_covered": 0.0, "percent_statements_covered_display": "0"}, "missing_lines": [6, 9, 11, 13, 16, 22, 25], "excluded_lines": [], "functions": {"WAYRAGEngine.__init__": {"executed_lines": [], "summary": {"covered_lines": 0, "num_statements": 1, "percent_covered": 0.0, "percent_covered_display": "0", "missing_lines": 1, "excluded_lines": 0, "percent_statements_covered": 0.0, "percent_statements_covered_display": "0"}, "missing_lines": [11], "excluded_lines": [], "start_line": 9}, "WAYRAGEngine.search": {"executed_lines": [], "summary": {"covered_lines": 0, "num_statements": 1, "percent_covered": 0.0, "percent_covered_display": "0", "missing_lines": 1, "excluded_lines": 0, "percent_statements_covered": 0.0, "percent_statements_covered_display": "0"}, "missing_lines": [16], "excluded_lines": [], "start_line": 13}, "WAYRAGEngine.generate_answer": {"executed_lines": [], "summary": {"covered_lines": 0, "num_statements": 1, "percent_covered": 0.0, "percent_covered_display": "0", "missing_lines": 1, "excluded_lines": 0, "percent_statements_covered": 0.0, "percent_statements_covered_display": "0"}, "missing_lines": [25], "excluded_lines": [], "start_line": 22}, "": {"executed_lines": [], "summary": {"covered_lines": 0, "num_statements": 4, "percent_covered": 0.0, "percent_covered_display": "0", "missing_lines": 4, "excluded_lines": 0, "percent_statements_covered": 0.0, "percent_statements_covered_display": "0"}, "missing_lines": [6, 9, 13, 22], "excluded_lines": [], "start_line": 1}}, "classes": {"WAYRAGEngine": {"executed_lines": [], "summary": {"covered_lines": 0, "num_statements": 3, "percent_covered": 0.0, "percent_covered_display": "0", "missing_lines": 3, "excluded_lines": 0, "percent_statements_covered": 0.0, "percent_statements_covered_display": "0"}, "missing_lines": [11, 16, 25], "excluded_lines": [], "start_line": 6}, "": {"executed_lines": [], "summary": {"covered_lines": 0, "num_statements": 4, "percent_covered": 0.0, "percent_covered_display": "0", "missing_lines": 4, "excluded_lines": 0, "percent_statements_covered": 0.0, "percent_statements_covered_display": "0"}, "missing_lines": [6, 9, 13, 22], "excluded_lines": [], "start_line": 1}}}, "app/wut_orchestrator/__init__.py": {"executed_lines": [], "summary": {"covered_lines": 0, "num_statements": 12, "percent_covered": 0.0, "percent_covered_display": "0", "missing_lines": 12, "excluded_lines": 0, "percent_statements_covered": 0.0, "percent_statements_covered_display": "0"}, "missing_lines": [6, 9, 11, 17, 20, 22, 23, 25, 26, 28, 29, 31], "excluded_lines": [], "functions": {"WUTClassifier.classify": {"executed_lines": [], "summary": {"covered_lines": 0, "num_statements": 1, "percent_covered": 0.0, "percent_covered_display": "0", "missing_lines": 1, "excluded_lines": 0, "percent_statements_covered": 0.0, "percent_statements_covered_display": "0"}, "missing_lines": [11], "excluded_lines": [], "start_line": 9}, "DecisionEngine.decide": {"executed_lines": [], "summary": {"covered_lines": 0, "num_statements": 7, "percent_covered": 0.0, "percent_covered_display": "0", "missing_lines": 7, "excluded_lines": 0, "percent_statements_covered": 0.0, "percent_statements_covered_display": "0"}, "missing_lines": [22, 23, 25, 26, 28, 29, 31], "excluded_lines": [], "start_line": 20}, "": {"executed_lines": [], "summary": {"covered_lines": 0, "num_statements": 4, "percent_covered": 0.0, "percent_covered_display": "0", "missing_lines": 4, "excluded_lines": 0, "percent_statements_covered": 0.0, "percent_statements_covered_display": "0"}, "missing_lines": [6, 9, 17, 20], "excluded_lines": [], "start_line": 1}}, "classes": {"WUTClassifier": {"executed_lines": [], "summary": {"covered_lines": 0, "num_statements": 1, "percent_covered": 0.0, "percent_covered_display": "0", "missing_lines": 1, "excluded_lines": 0, "percent_statements_covered": 0.0, "percent_statements_covered_display": "0"}, "missing_lines": [11], "excluded_lines": [], "start_line": 6}, "DecisionEngine": {"executed_lines": [], "summary": {"covered_lines": 0, "num_statements": 7, "percent_covered": 0.0, "percent_covered_display": "0", "missing_lines": 7, "excluded_lines": 0, "percent_statements_covered": 0.0, "percent_statements_covered_display": "0"}, "missing_lines": [22, 23, 25, 26, 28, 29, 31], "excluded_lines": [], "start_line": 17}, "": {"executed_lines": [], "summary": {"covered_lines": 0, "num_statements": 4, "percent_covered": 0.0, "percent_covered_display": "0", "missing_lines": 4, "excluded_lines": 0, "percent_statements_covered": 0.0, "percent_statements_covered_display": "0"}, "missing_lines": [6, 9, 17, 20], "excluded_lines": [], "start_line": 1}}}}, "totals": {"covered_lines": 129, "num_statements": 159, "percent_covered": 81.13207547169812, "percent_covered_display": "81", "missing_lines": 30, "excluded_lines": 0, "percent_statements_covered": 81.13207547169812, "percent_statements_covered_display": "81"}}